<?xml version="1.0" encoding="UTF-8"?>
<testsuite xmlns:xsi="http://www.w3.org/2001/XMLSchema-instance" xsi:noNamespaceSchemaLocation="https://maven.apache.org/surefire/maven-surefire-plugin/xsd/surefire-test-report.xsd" version="3.0.2" name="io.gravitee.reporter.otellogs.mapper.OtelLabelsTest" time="0.027" tests="20" errors="0" skipped="0" failures="0">
  <properties>
[...]
</properties>
  <testcase name="uuidBecomesLowercase32HexTraceId" classname="io.gravitee.reporter.otellogs.mapper.OtelLabelsTest" time="0.001"/>
  <testcase name="nonHexStringReturnsNull" classname="io.gravitee.reporter.otellogs.mapper.OtelLabelsTest" time="0.0"/>
  <testcase name="already32HexIsReturnedAsLowercase" classname="io.gravitee.reporter.otellogs.mapper.OtelLabelsTest" time="0.0"/>
  <testcase name="numericPathSegmentIsReplacedWithId" classname="io.gravitee.reporter.otellogs.mapper.OtelLabelsTest" time="0.001"/>
  <testcase name="status500IsSeverityError" classname="io.gravitee.reporter.otellogs.mapper.OtelLabelsTest" time="0.001"/>
  <testcase name="nonHexSentryTraceSegmentsReturnEmpty" classname="io.gravitee.reporter.otellogs.mapper.OtelLabelsTest" time="0.002"/>
  <testcase name="tooFewSentryTraceSegmentsReturnsEmpty" classname="io.gravitee.reporter.otellogs.mapper.OtelLabelsTest" time="0.001"/>
  <testcase name="status200IsSeverityInfo" classname="io.gravitee.reporter.otellogs.mapper.OtelLabelsTest" time="0.001"/>
  <testcase name="nullTraceIdReturnsNull" classname="io.gravitee.reporter.otellogs.mapper.OtelLabelsTest" time="0.001"/>
  <testcase name="status404IsSeverityWarn" classname="io.gravitee.reporter.otellogs.mapper.OtelLabelsTest" time="0.001"/>
  <testcase name="validSentryTraceHeaderParsesTraceAndSpanId" classname="io.gravitee.reporter.otellogs.mapper.OtelLabelsTest" time="0.001"/>
  <testcase name="invalidLengthTraceIdInSentryTraceReturnsEmpty" classname="io.gravitee.reporter.otellogs.mapper.OtelLabelsTest" time="0.002"/>
  <testcase name="uuidPathSegmentIsReplacedWithId" classname="io.gravitee.reporter.otellogs.mapper.OtelLabelsTest" time="0.001"/>
  <testcase name="blankTraceIdReturnsNull" classname="io.gravitee.reporter.otellogs.mapper.OtelLabelsTest" time="0.001"/>
  <testcase name="pathWithNoIdsIsUnchanged" classname="io.gravitee.reporter.otellogs.mapper.OtelLabelsTest" time="0.001"/>
  <testcase name="nullPathReturnsNull" classname="io.gravitee.reporter.otellogs.mapper.OtelLabelsTest" time="0.0"/>
  <testcase name="blankSentryTraceHeaderReturnsEmpty" classname="io.gravitee.reporter.otellogs.mapper.OtelLabelsTest" time="0.001"/>
  <testcase name="status503IsSeverityError" classname="io.gravitee.reporter.otellogs.mapper.OtelLabelsTest" time="0.0"/>
  <testcase name="nullSentryTraceHeaderReturnsEmpty" classname="io.gravitee.reporter.otellogs.mapper.OtelLabelsTest" time="0.0"/>
  <testcase name="status400IsSeverityWarn" classname="io.gravitee.reporter.otellogs.mapper.OtelLabelsTest" time="0.0"/>
</testsuite>