<?xml version="1.0" encoding="UTF-8"?>
<testsuite xmlns:xsi="http://www.w3.org/2001/XMLSchema-instance" xsi:noNamespaceSchemaLocation="https://maven.apache.org/surefire/maven-failsafe-plugin/xsd/failsafe-test-report-3.0.xsd" version="3.0" name="io.gravitee.reporter.otellogs.integration.OtelLogsReporterIT" time="35.6" tests="7" errors="0" skipped="0" failures="0">
  <properties>
[...]
</properties>
  <testcase name="traceIdFromXRequestIdAppearsInLogLine" classname="io.gravitee.reporter.otellogs.integration.OtelLogsReporterIT" time="2.218">
    <system-out><![CDATA[15:29:46.725 [testcontainers-lifecycle-0] INFO  tc.testcontainers/ryuk:0.12.0 - Creating container for image: testcontainers/ryuk:0.12.0
15:29:46.852 [testcontainers-lifecycle-0] INFO  tc.testcontainers/ryuk:0.12.0 - Container testcontainers/ryuk:0.12.0 is starting: 147018a7433cecbb5372b1a8cd0888a986c86f84c87d73e725d1dd4599d03860
15:29:47.606 [testcontainers-lifecycle-0] INFO  tc.testcontainers/ryuk:0.12.0 - Container testcontainers/ryuk:0.12.0 started in PT0.881682215S
15:29:47.613 [testcontainers-lifecycle-0] INFO  tc.grafana/loki:3.0.0 - Creating container for image: grafana/loki:3.0.0
15:29:47.963 [testcontainers-lifecycle-0] INFO  tc.grafana/loki:3.0.0 - Container grafana/loki:3.0.0 is starting: a97277862f175bf1a81c996f33501cf86a6371f1b59c39be30388eacdc4ceeec
15:29:50.159 [docker-java-stream-964983675] INFO  tc.loki - STDERR: level=info ts=2026-05-11T15:29:50.087352152Z caller=main.go:120 msg="Starting Loki" version="(version=3.0.0, branch=HEAD, revision=b4f7181c7a)"
15:29:50.159 [docker-java-stream-964983675] INFO  tc.loki - STDERR: level=info ts=2026-05-11T15:29:50.12921035Z caller=server.go:354 msg="server listening on addresses" http=[::]:3100 grpc=[::]:9095
15:29:50.160 [docker-java-stream-964983675] INFO  tc.loki - STDERR: level=info ts=2026-05-11T15:29:50.132216229Z caller=table_manager.go:273 index-store=tsdb-2020-10-24 msg="query readiness setup completed" duration=1.408µs distinct_users_len=0 distinct_users=
15:29:50.160 [docker-java-stream-964983675] INFO  tc.loki - STDERR: level=info ts=2026-05-11T15:29:50.132251329Z caller=shipper.go:160 index-store=tsdb-2020-10-24 msg="starting index shipper in RW mode"
15:29:50.160 [docker-java-stream-964983675] INFO  tc.loki - STDERR: level=info ts=2026-05-11T15:29:50.132647594Z caller=table_manager.go:136 index-store=tsdb-2020-10-24 msg="uploading tables"
15:29:50.160 [docker-java-stream-964983675] INFO  tc.loki - STDERR: level=info ts=2026-05-11T15:29:50.133134933Z caller=head_manager.go:308 index-store=tsdb-2020-10-24 component=tsdb-head-manager msg="loaded wals by period" groups=0
15:29:50.160 [docker-java-stream-964983675] INFO  tc.loki - STDERR: level=info ts=2026-05-11T15:29:50.133169234Z caller=manager.go:86 index-store=tsdb-2020-10-24 component=tsdb-manager msg="loaded leftover local indices" err=null successful=true buckets=0 indices=0 failures=0
15:29:50.160 [docker-java-stream-964983675] INFO  tc.loki - STDERR: level=info ts=2026-05-11T15:29:50.133181548Z caller=head_manager.go:308 index-store=tsdb-2020-10-24 component=tsdb-head-manager msg="loaded wals by period" groups=0
15:29:50.160 [docker-java-stream-964983675] INFO  tc.loki - STDERR: level=info ts=2026-05-11T15:29:50.134882233Z caller=worker.go:113 component=querier msg="Starting querier worker using query-scheduler and scheduler ring for addresses"
15:29:50.160 [docker-java-stream-964983675] INFO  tc.loki - STDERR: level=info ts=2026-05-11T15:29:50.136803821Z caller=mapper.go:47 msg="cleaning up mapped rules directory" path=/loki/rules-temp
15:29:50.559 [docker-java-stream-964983675] INFO  tc.loki - STDERR: level=info ts=2026-05-11T15:29:50.504024753Z caller=module_service.go:82 msg=starting module=server
15:29:50.559 [docker-java-stream-964983675] INFO  tc.loki - STDERR: level=info ts=2026-05-11T15:29:50.504110413Z caller=module_service.go:82 msg=starting module=memberlist-kv
15:29:50.560 [docker-java-stream-964983675] INFO  tc.loki - STDERR: level=info ts=2026-05-11T15:29:50.504137084Z caller=module_service.go:82 msg=starting module=store
15:29:50.560 [docker-java-stream-964983675] INFO  tc.loki - STDERR: level=info ts=2026-05-11T15:29:50.504144993Z caller=module_service.go:82 msg=starting module=ring
15:29:50.560 [docker-java-stream-964983675] INFO  tc.loki - STDERR: level=info ts=2026-05-11T15:29:50.504145112Z caller=module_service.go:82 msg=starting module=query-frontend-tripperware
15:29:50.560 [docker-java-stream-964983675] INFO  tc.loki - STDERR: level=info ts=2026-05-11T15:29:50.504156549Z caller=module_service.go:82 msg=starting module=query-scheduler-ring
15:29:50.560 [docker-java-stream-964983675] INFO  tc.loki - STDERR: level=info ts=2026-05-11T15:29:50.504276278Z caller=module_service.go:82 msg=starting module=cache-generation-loader
15:29:50.560 [docker-java-stream-964983675] INFO  tc.loki - STDERR: level=info ts=2026-05-11T15:29:50.504409856Z caller=basic_lifecycler.go:297 msg="instance not found in the ring" instance=a97277862f17 ring=scheduler
15:29:50.560 [docker-java-stream-964983675] INFO  tc.loki - STDERR: level=info ts=2026-05-11T15:29:50.5044275Z caller=basic_lifecycler_delegates.go:63 msg="not loading tokens from file, tokens file path is empty"
15:29:50.560 [docker-java-stream-964983675] INFO  tc.loki - STDERR: level=info ts=2026-05-11T15:29:50.504430793Z caller=ring.go:276 msg="ring doesn't exist in KV store yet"
15:29:50.560 [docker-java-stream-964983675] INFO  tc.loki - STDERR: level=info ts=2026-05-11T15:29:50.504460009Z caller=ring.go:276 msg="ring doesn't exist in KV store yet"
15:29:50.561 [docker-java-stream-964983675] INFO  tc.loki - STDERR: level=info ts=2026-05-11T15:29:50.504480752Z caller=module_service.go:82 msg=starting module=analytics
15:29:50.561 [docker-java-stream-964983675] INFO  tc.loki - STDERR: level=info ts=2026-05-11T15:29:50.504500032Z caller=module_service.go:82 msg=starting module=ingester-querier
15:29:50.561 [docker-java-stream-964983675] INFO  tc.loki - STDERR: level=info ts=2026-05-11T15:29:50.504581133Z caller=ringmanager.go:186 msg="waiting until scheduler is JOINING in the ring"
15:29:50.561 [docker-java-stream-964983675] INFO  tc.loki - STDERR: level=info ts=2026-05-11T15:29:50.504616776Z caller=module_service.go:82 msg=starting module=ingester
15:29:50.561 [docker-java-stream-964983675] INFO  tc.loki - STDERR: level=info ts=2026-05-11T15:29:50.504651949Z caller=ingester.go:445 component=ingester msg="recovering from checkpoint"
15:29:50.561 [docker-java-stream-964983675] INFO  tc.loki - STDERR: level=info ts=2026-05-11T15:29:50.504745238Z caller=recovery.go:40 component=ingester msg="no checkpoint found, treating as no-op"
15:29:50.561 [docker-java-stream-964983675] INFO  tc.loki - STDERR: level=info ts=2026-05-11T15:29:50.504679892Z caller=module_service.go:82 msg=starting module=distributor
15:29:50.561 [docker-java-stream-964983675] INFO  tc.loki - STDERR: level=info ts=2026-05-11T15:29:50.504806153Z caller=module_service.go:82 msg=starting module=compactor
15:29:50.562 [docker-java-stream-964983675] INFO  tc.loki - STDERR: level=info ts=2026-05-11T15:29:50.504865522Z caller=basic_lifecycler.go:297 msg="instance not found in the ring" instance=a97277862f17 ring=compactor
15:29:50.562 [docker-java-stream-964983675] INFO  tc.loki - STDERR: level=info ts=2026-05-11T15:29:50.504870399Z caller=basic_lifecycler_delegates.go:63 msg="not loading tokens from file, tokens file path is empty"
15:29:50.562 [docker-java-stream-964983675] INFO  tc.loki - STDERR: level=info ts=2026-05-11T15:29:50.504888127Z caller=ring.go:276 msg="ring doesn't exist in KV store yet"
15:29:50.562 [docker-java-stream-964983675] INFO  tc.loki - STDERR: level=info ts=2026-05-11T15:29:50.504882528Z caller=ingester.go:461 component=ingester msg="recovered WAL checkpoint recovery finished" elapsed=255.303µs errors=false
15:29:50.562 [docker-java-stream-964983675] INFO  tc.loki - STDERR: level=info ts=2026-05-11T15:29:50.504902977Z caller=ingester.go:467 component=ingester msg="recovering from WAL"
15:29:50.562 [docker-java-stream-964983675] INFO  tc.loki - STDERR: level=info ts=2026-05-11T15:29:50.504926025Z caller=module_service.go:82 msg=starting module=ruler
15:29:50.562 [docker-java-stream-964983675] INFO  tc.loki - STDERR: level=info ts=2026-05-11T15:29:50.504950238Z caller=ring.go:276 component=distributor msg="ring doesn't exist in KV store yet"
15:29:50.562 [docker-java-stream-964983675] INFO  tc.loki - STDERR: level=info ts=2026-05-11T15:29:50.504970093Z caller=basic_lifecycler.go:297 component=distributor msg="instance not found in the ring" instance=a97277862f17 ring=distributor
15:29:50.562 [docker-java-stream-964983675] INFO  tc.loki - STDERR: level=info ts=2026-05-11T15:29:50.505012207Z caller=ruler.go:533 msg="ruler up and running"
15:29:50.562 [docker-java-stream-964983675] INFO  tc.loki - STDERR: level=info ts=2026-05-11T15:29:50.505056102Z caller=compactor.go:410 msg="waiting until compactor is JOINING in the ring"
15:29:50.563 [docker-java-stream-964983675] INFO  tc.loki - STDERR: level=info ts=2026-05-11T15:29:50.505070698Z caller=compactor.go:414 msg="compactor is JOINING in the ring"
15:29:50.563 [docker-java-stream-964983675] INFO  tc.loki - STDERR: level=error ts=2026-05-11T15:29:50.505074825Z caller=ratestore.go:109 msg="error getting ingester clients" err="empty ring"
15:29:50.563 [docker-java-stream-964983675] INFO  tc.loki - STDERR: level=info ts=2026-05-11T15:29:50.505136154Z caller=compactor.go:424 msg="waiting until compactor is ACTIVE in the ring"
15:29:50.563 [docker-java-stream-964983675] INFO  tc.loki - STDERR: level=info ts=2026-05-11T15:29:50.50534945Z caller=ingester.go:483 component=ingester msg="WAL segment recovery finished" elapsed=723.301µs errors=false
15:29:50.563 [docker-java-stream-964983675] INFO  tc.loki - STDERR: level=info ts=2026-05-11T15:29:50.505358207Z caller=ingester.go:431 component=ingester msg="closing recoverer"
15:29:50.563 [docker-java-stream-964983675] INFO  tc.loki - STDERR: level=info ts=2026-05-11T15:29:50.505362535Z caller=ingester.go:439 component=ingester msg="WAL recovery finished" time=736.608µs
15:29:50.563 [docker-java-stream-964983675] INFO  tc.loki - STDERR: level=info ts=2026-05-11T15:29:50.505393499Z caller=lifecycler.go:614 component=ingester msg="not loading tokens from file, tokens file path is empty"
15:29:50.563 [docker-java-stream-964983675] INFO  tc.loki - STDERR: level=info ts=2026-05-11T15:29:50.50541486Z caller=lifecycler.go:639 component=ingester msg="instance not found in ring, adding with no tokens" ring=ingester
15:29:50.563 [docker-java-stream-964983675] INFO  tc.loki - STDERR: level=info ts=2026-05-11T15:29:50.505438978Z caller=wal.go:156 msg=started component=wal
15:29:50.563 [docker-java-stream-964983675] INFO  tc.loki - STDERR: level=info ts=2026-05-11T15:29:50.505479119Z caller=lifecycler.go:483 component=ingester msg="auto-joining cluster after timeout" ring=ingester
15:29:50.563 [docker-java-stream-964983675] INFO  tc.loki - STDERR: level=info ts=2026-05-11T15:29:50.505628144Z caller=ingester.go:613 component=ingester msg="sleeping for initial delay before starting periodic flushing" delay=19.218147814s
15:29:50.659 [docker-java-stream-964983675] INFO  tc.loki - STDERR: level=info ts=2026-05-11T15:29:50.625028917Z caller=compactor.go:428 msg="compactor is ACTIVE in the ring"
15:29:50.660 [docker-java-stream-964983675] INFO  tc.loki - STDERR: level=info ts=2026-05-11T15:29:50.640495098Z caller=ringmanager.go:190 msg="scheduler is JOINING in the ring"
15:29:50.660 [docker-java-stream-964983675] INFO  tc.loki - STDERR: level=info ts=2026-05-11T15:29:50.640866989Z caller=ringmanager.go:199 msg="waiting until scheduler is ACTIVE in the ring"
15:29:50.815 [docker-java-stream-964983675] INFO  tc.loki - STDERR: level=info ts=2026-05-11T15:29:50.813541046Z caller=ringmanager.go:203 msg="scheduler is ACTIVE in the ring"
15:29:50.815 [docker-java-stream-964983675] INFO  tc.loki - STDERR: level=info ts=2026-05-11T15:29:50.813930258Z caller=module_service.go:82 msg=starting module=query-scheduler
15:29:50.815 [docker-java-stream-964983675] INFO  tc.loki - STDERR: level=info ts=2026-05-11T15:29:50.8141045Z caller=module_service.go:82 msg=starting module=querier
15:29:50.815 [docker-java-stream-964983675] INFO  tc.loki - STDERR: level=info ts=2026-05-11T15:29:50.814161881Z caller=module_service.go:82 msg=starting module=query-frontend
15:29:50.815 [docker-java-stream-964983675] INFO  tc.loki - STDERR: level=info ts=2026-05-11T15:29:50.814247927Z caller=loki.go:503 msg="Loki started" startup_time=2.199094161s
15:29:53.862 [docker-java-stream-964983675] INFO  tc.loki - STDERR: level=info ts=2026-05-11T15:29:53.814180614Z caller=scheduler.go:653 msg="this scheduler is in the ReplicationSet, will now accept requests."
15:29:53.863 [docker-java-stream-964983675] INFO  tc.loki - STDERR: level=info ts=2026-05-11T15:29:53.814515175Z caller=worker.go:210 component=querier msg="adding connection" addr=127.0.0.1:9095
15:29:55.659 [docker-java-stream-964983675] INFO  tc.loki - STDERR: level=info ts=2026-05-11T15:29:55.62584568Z caller=compactor.go:489 msg="this instance has been chosen to run the compactor, starting compactor"
15:29:55.659 [docker-java-stream-964983675] INFO  tc.loki - STDERR: level=info ts=2026-05-11T15:29:55.625912745Z caller=compactor.go:518 msg="waiting 10m0s for ring to stay stable and previous compactions to finish before starting compactor"
15:30:00.859 [docker-java-stream-964983675] INFO  tc.loki - STDERR: level=info ts=2026-05-11T15:30:00.815005763Z caller=frontend_scheduler_worker.go:106 msg="adding connection to scheduler" addr=127.0.0.1:9095
15:30:06.757 [testcontainers-lifecycle-0] INFO  tc.grafana/loki:3.0.0 - Container grafana/loki:3.0.0 started in PT19.14389196S
15:30:06.759 [testcontainers-lifecycle-1] INFO  t.o.104.0 - Creating container for image: otel/opentelemetry-collector-contrib:0.104.0
15:30:06.836 [testcontainers-lifecycle-1] INFO  t.o.104.0 - Container otel/opentelemetry-collector-contrib:0.104.0 is starting: 2ea1288829710e5eabb1a1bd5137c2356013e6fcffd6b604879b2975026a3fb3
15:30:07.781 [docker-java-stream--554416750] INFO  tc.collector - STDERR: 2026-05-11T15:30:07.780Z	info	service@v0.104.0/service.go:115	Setting up own telemetry...
15:30:07.782 [docker-java-stream--554416750] INFO  tc.collector - STDERR: 2026-05-11T15:30:07.781Z	info	service@v0.104.0/telemetry.go:96	Serving metrics	{"address": ":8888", "level": "Normal"}
15:30:07.782 [docker-java-stream--554416750] INFO  tc.collector - STDERR: 2026-05-11T15:30:07.781Z	info	lokiexporter@v0.104.0/exporter.go:43	using the new Loki exporter	{"kind": "exporter", "data_type": "logs", "name": "loki"}
15:30:07.782 [docker-java-stream--554416750] INFO  tc.collector - STDERR: 2026-05-11T15:30:07.782Z	info	service@v0.104.0/service.go:193	Starting otelcol-contrib...	{"Version": "0.104.0", "NumCPU": 14}
15:30:07.783 [docker-java-stream--554416750] INFO  tc.collector - STDERR: 2026-05-11T15:30:07.782Z	info	extensions/extensions.go:34	Starting extensions...
15:30:07.783 [docker-java-stream--554416750] INFO  tc.collector - STDERR: 2026-05-11T15:30:07.782Z	info	otlpreceiver@v0.104.0/otlp.go:102	Starting GRPC server	{"kind": "receiver", "name": "otlp", "data_type": "logs", "endpoint": "0.0.0.0:4317"}
15:30:07.815 [docker-java-stream--554416750] INFO  tc.collector - STDERR: 2026-05-11T15:30:07.814Z	info	service@v0.104.0/service.go:219	Everything is ready. Begin running and processing data.
15:30:07.816 [testcontainers-lifecycle-1] INFO  t.o.104.0 - Container otel/opentelemetry-collector-contrib:0.104.0 started in PT1.056976541S
15:30:08.016 [main] INFO  i.g.r.otellogs.OtelLogsReporter - OTel logs reporter started — exporting to http://localhost:4317
]]></system-out>
  </testcase>
  <testcase name="traceparentHeaderSetsTraceContext" classname="io.gravitee.reporter.otellogs.integration.OtelLogsReporterIT" time="2.017">
    <system-out><![CDATA[15:30:10.259 [docker-java-stream-964983675] INFO  tc.loki - STDERR: level=info ts=2026-05-11T15:30:10.206385063Z caller=roundtrip.go:289 org_id=fake traceID=612c88295dc1843c msg="executing query" type=range query="{job=\"gravitee/gravitee-otel-logs\"} |= \"550e8400\"" start=2026-05-11T15:28:10.171Z end=2026-05-11T15:30:15.171Z start_delta=2m0.0353826s end_delta=-4.964617326s length=2m5s step=1000 query_hash=455623281
15:30:10.259 [docker-java-stream-964983675] INFO  tc.loki - STDERR: level=info ts=2026-05-11T15:30:10.208082252Z caller=table_manager.go:197 index-store=tsdb-2020-10-24 msg="downloading all files for table index_20584"
15:30:10.259 [docker-java-stream-964983675] INFO  tc.loki - STDERR: ts=2026-05-11T15:30:10.208597406Z caller=spanlogger.go:109 table-name=index_20584 user=fake level=info msg="downloaded index set at query time" duration=152.155µs
15:30:10.260 [docker-java-stream-964983675] INFO  tc.loki - STDERR: ts=2026-05-11T15:30:10.209011604Z caller=spanlogger.go:109 table-name=index_20584 user-id=fake user=fake level=info msg="downloaded index set at query time" duration=218.362µs
15:30:10.260 [docker-java-stream-964983675] INFO  tc.loki - STDERR: ts=2026-05-11T15:30:10.209765526Z caller=spanlogger.go:109 user=fake level=info org_id=fake traceID=612c88295dc1843c caller=metrics.go latency=fast query_type=stats start=2026-05-11T15:27:40Z end=2026-05-11T15:30:15Z start_delta=2m30.209761014s end_delta=-4.79023868s length=2m35s duration=1.989561ms status=200 query="{job=\"gravitee/gravitee-otel-logs\"}" query_hash=1284913455 total_entries=1
15:30:10.260 [docker-java-stream-964983675] INFO  tc.loki - STDERR: level=info ts=2026-05-11T15:30:10.212613204Z caller=engine.go:239 component=querier org_id=fake traceID=612c88295dc1843c msg="executing query" type=range query="{job=\"gravitee/gravitee-otel-logs\"} |= \"550e8400\"" length=2m5s step=1s query_hash=455623281
15:30:10.260 [docker-java-stream-964983675] INFO  tc.loki - STDERR: level=info ts=2026-05-11T15:30:10.217737906Z caller=metrics.go:216 component=querier org_id=fake traceID=612c88295dc1843c latency=fast query="{job=\"gravitee/gravitee-otel-logs\"} |= \"550e8400\"" query_hash=455623281 query_type=filter range_type=range length=2m5s start_delta=2m0.046728388s end_delta=-4.953271527s step=1s duration=5.052169ms status=500 limit=50 returned_lines=1 throughput=148kB total_bytes=746B total_bytes_structured_metadata=0B lines_per_second=197 total_lines=1 post_filter_lines=1 total_entries=1 store_chunks_download_time=0s queue_time=515.154µs splits=0 shards=0 query_referenced_structured_metadata=false pipeline_wrapper_filtered_lines=0 chunk_refs_fetch_time=194.159µs cache_chunk_req=0 cache_chunk_hit=0 cache_chunk_bytes_stored=0 cache_chunk_bytes_fetched=0 cache_chunk_download_time=0s cache_index_req=0 cache_index_hit=0 cache_index_download_time=0s cache_stats_results_req=0 cache_stats_results_hit=0 cache_stats_results_download_time=0s cache_volume_results_req=0 cache_volume_results_hit=0 cache_volume_results_download_time=0s cache_result_req=0 cache_result_hit=0 cache_result_download_time=0s cache_result_query_length_served=0s ingester_chunk_refs=0 ingester_chunk_downloaded=0 ingester_chunk_matches=1 ingester_requests=1 ingester_chunk_head_bytes=746B ingester_chunk_compressed_bytes=0B ingester_chunk_decompressed_bytes=0B ingester_post_filter_lines=1 congestion_control_latency=0s index_total_chunks=0 index_post_bloom_filter_chunks=0 index_bloom_filter_ratio=0.00 disable_pipeline_wrappers=false
15:30:10.260 [docker-java-stream-964983675] INFO  tc.loki - STDERR: level=info ts=2026-05-11T15:30:10.219343442Z caller=metrics.go:216 component=frontend org_id=fake traceID=612c88295dc1843c latency=fast query="{job=\"gravitee/gravitee-otel-logs\"} |= \"550e8400\"" query_hash=455623281 query_type=filter range_type=range length=2m5s start_delta=2m0.048337614s end_delta=-4.951662283s step=1s duration=12.762624ms status=200 limit=50 returned_lines=0 throughput=58kB total_bytes=746B total_bytes_structured_metadata=0B lines_per_second=78 total_lines=1 post_filter_lines=1 total_entries=1 store_chunks_download_time=0s queue_time=515µs splits=0 shards=1 query_referenced_structured_metadata=false pipeline_wrapper_filtered_lines=0 chunk_refs_fetch_time=194.159µs cache_chunk_req=0 cache_chunk_hit=0 cache_chunk_bytes_stored=0 cache_chunk_bytes_fetched=0 cache_chunk_download_time=0s cache_index_req=0 cache_index_hit=0 cache_index_download_time=0s cache_stats_results_req=0 cache_stats_results_hit=0 cache_stats_results_download_time=0s cache_volume_results_req=0 cache_volume_results_hit=0 cache_volume_results_download_time=0s cache_result_req=0 cache_result_hit=0 cache_result_download_time=0s cache_result_query_length_served=0s ingester_chunk_refs=0 ingester_chunk_downloaded=0 ingester_chunk_matches=1 ingester_requests=1 ingester_chunk_head_bytes=746B ingester_chunk_compressed_bytes=0B ingester_chunk_decompressed_bytes=0B ingester_post_filter_lines=1 congestion_control_latency=0s index_total_chunks=0 index_post_bloom_filter_chunks=0 index_bloom_filter_ratio=0.00 disable_pipeline_wrappers=false
]]></system-out>
  </testcase>
  <testcase name="endpointStatusDownAppearsInLoki" classname="io.gravitee.reporter.otellogs.integration.OtelLogsReporterIT" time="2.019">
    <system-out><![CDATA[15:30:12.258 [docker-java-stream-964983675] INFO  tc.loki - STDERR: level=info ts=2026-05-11T15:30:12.250524689Z caller=roundtrip.go:289 org_id=fake traceID=4e49be3c1cefac59 msg="executing query" type=range query="{job=\"gravitee/gravitee-otel-logs\"} |= \"4bf92f35\"" start=2026-05-11T15:28:12.248Z end=2026-05-11T15:30:17.248Z start_delta=2m0.002522414s end_delta=-4.997477507s length=2m5s step=1000 query_hash=861713607
15:30:12.259 [docker-java-stream-964983675] INFO  tc.loki - STDERR: ts=2026-05-11T15:30:12.252463114Z caller=spanlogger.go:109 user=fake level=info org_id=fake traceID=4e49be3c1cefac59 caller=metrics.go latency=fast query_type=stats start=2026-05-11T15:27:42Z end=2026-05-11T15:30:17Z start_delta=2m30.252460533s end_delta=-4.747539378s length=2m35s duration=628.861µs status=200 query="{job=\"gravitee/gravitee-otel-logs\"}" query_hash=1284913455 total_entries=1
15:30:12.259 [docker-java-stream-964983675] INFO  tc.loki - STDERR: level=info ts=2026-05-11T15:30:12.254003307Z caller=engine.go:239 component=querier org_id=fake traceID=4e49be3c1cefac59 msg="executing query" type=range query="{job=\"gravitee/gravitee-otel-logs\"} |= \"4bf92f35\"" length=2m5s step=1s query_hash=861713607
15:30:12.259 [docker-java-stream-964983675] INFO  tc.loki - STDERR: level=info ts=2026-05-11T15:30:12.255008782Z caller=metrics.go:216 component=querier org_id=fake traceID=4e49be3c1cefac59 latency=fast query="{job=\"gravitee/gravitee-otel-logs\"} |= \"4bf92f35\"" query_hash=861713607 query_type=filter range_type=range length=2m5s start_delta=2m0.007001482s end_delta=-4.992998418s step=1s duration=949.998µs status=500 limit=50 returned_lines=1 throughput=1.6MB total_bytes=1.5kB total_bytes_structured_metadata=0B lines_per_second=2105 total_lines=2 post_filter_lines=1 total_entries=1 store_chunks_download_time=0s queue_time=397.598µs splits=0 shards=0 query_referenced_structured_metadata=false pipeline_wrapper_filtered_lines=0 chunk_refs_fetch_time=125.115µs cache_chunk_req=0 cache_chunk_hit=0 cache_chunk_bytes_stored=0 cache_chunk_bytes_fetched=0 cache_chunk_download_time=0s cache_index_req=0 cache_index_hit=0 cache_index_download_time=0s cache_stats_results_req=0 cache_stats_results_hit=0 cache_stats_results_download_time=0s cache_volume_results_req=0 cache_volume_results_hit=0 cache_volume_results_download_time=0s cache_result_req=0 cache_result_hit=0 cache_result_download_time=0s cache_result_query_length_served=0s ingester_chunk_refs=0 ingester_chunk_downloaded=0 ingester_chunk_matches=1 ingester_requests=1 ingester_chunk_head_bytes=1.5kB ingester_chunk_compressed_bytes=0B ingester_chunk_decompressed_bytes=0B ingester_post_filter_lines=1 congestion_control_latency=0s index_total_chunks=0 index_post_bloom_filter_chunks=0 index_bloom_filter_ratio=0.00 disable_pipeline_wrappers=false
15:30:12.259 [docker-java-stream-964983675] INFO  tc.loki - STDERR: level=info ts=2026-05-11T15:30:12.255576841Z caller=metrics.go:216 component=frontend org_id=fake traceID=4e49be3c1cefac59 latency=fast query="{job=\"gravitee/gravitee-otel-logs\"} |= \"4bf92f35\"" query_hash=861713607 query_type=filter range_type=range length=2m5s start_delta=2m0.0075729s end_delta=-4.992427019s step=1s duration=4.920639ms status=200 limit=50 returned_lines=0 throughput=308kB total_bytes=1.5kB total_bytes_structured_metadata=0B lines_per_second=406 total_lines=2 post_filter_lines=1 total_entries=1 store_chunks_download_time=0s queue_time=398µs splits=0 shards=1 query_referenced_structured_metadata=false pipeline_wrapper_filtered_lines=0 chunk_refs_fetch_time=125.115µs cache_chunk_req=0 cache_chunk_hit=0 cache_chunk_bytes_stored=0 cache_chunk_bytes_fetched=0 cache_chunk_download_time=0s cache_index_req=0 cache_index_hit=0 cache_index_download_time=0s cache_stats_results_req=0 cache_stats_results_hit=0 cache_stats_results_download_time=0s cache_volume_results_req=0 cache_volume_results_hit=0 cache_volume_results_download_time=0s cache_result_req=0 cache_result_hit=0 cache_result_download_time=0s cache_result_query_length_served=0s ingester_chunk_refs=0 ingester_chunk_downloaded=0 ingester_chunk_matches=1 ingester_requests=1 ingester_chunk_head_bytes=1.5kB ingester_chunk_compressed_bytes=0B ingester_chunk_decompressed_bytes=0B ingester_post_filter_lines=1 congestion_control_latency=0s index_total_chunks=0 index_post_bloom_filter_chunks=0 index_bloom_filter_ratio=0.00 disable_pipeline_wrappers=false
]]></system-out>
  </testcase>
  <testcase name="metricsLogAppearsInLoki" classname="io.gravitee.reporter.otellogs.integration.OtelLogsReporterIT" time="2.013">
    <system-out><![CDATA[15:30:14.358 [docker-java-stream-964983675] INFO  tc.loki - STDERR: level=info ts=2026-05-11T15:30:14.271723849Z caller=roundtrip.go:289 org_id=fake traceID=3923a7bd9f547264 msg="executing query" type=range query="{job=\"gravitee/gravitee-otel-logs\"} |= \"DOWN\"" start=2026-05-11T15:28:14.268Z end=2026-05-11T15:30:19.268Z start_delta=2m0.003721662s end_delta=-4.996278254s length=2m5s step=1000 query_hash=2453200016
15:30:14.359 [docker-java-stream-964983675] INFO  tc.loki - STDERR: ts=2026-05-11T15:30:14.273245759Z caller=spanlogger.go:109 user=fake level=info org_id=fake traceID=3923a7bd9f547264 caller=metrics.go latency=fast query_type=stats start=2026-05-11T15:27:44Z end=2026-05-11T15:30:19Z start_delta=2m30.27324319s end_delta=-4.726756711s length=2m35s duration=605.224µs status=200 query="{job=\"gravitee/gravitee-otel-logs\"}" query_hash=1284913455 total_entries=1
15:30:14.359 [docker-java-stream-964983675] INFO  tc.loki - STDERR: level=info ts=2026-05-11T15:30:14.274462209Z caller=engine.go:239 component=querier org_id=fake traceID=3923a7bd9f547264 msg="executing query" type=range query="{job=\"gravitee/gravitee-otel-logs\"} |= \"DOWN\"" length=2m5s step=1s query_hash=2453200016
15:30:14.359 [docker-java-stream-964983675] INFO  tc.loki - STDERR: level=info ts=2026-05-11T15:30:14.27505779Z caller=metrics.go:216 component=querier org_id=fake traceID=3923a7bd9f547264 latency=fast query="{job=\"gravitee/gravitee-otel-logs\"} |= \"DOWN\"" query_hash=2453200016 query_type=filter range_type=range length=2m5s start_delta=2m0.007051007s end_delta=-4.992948895s step=1s duration=551.98µs status=500 limit=50 returned_lines=1 throughput=3.6MB total_bytes=2.0kB total_bytes_structured_metadata=0B lines_per_second=5434 total_lines=3 post_filter_lines=1 total_entries=1 store_chunks_download_time=0s queue_time=233.461µs splits=0 shards=0 query_referenced_structured_metadata=false pipeline_wrapper_filtered_lines=0 chunk_refs_fetch_time=61.476µs cache_chunk_req=0 cache_chunk_hit=0 cache_chunk_bytes_stored=0 cache_chunk_bytes_fetched=0 cache_chunk_download_time=0s cache_index_req=0 cache_index_hit=0 cache_index_download_time=0s cache_stats_results_req=0 cache_stats_results_hit=0 cache_stats_results_download_time=0s cache_volume_results_req=0 cache_volume_results_hit=0 cache_volume_results_download_time=0s cache_result_req=0 cache_result_hit=0 cache_result_download_time=0s cache_result_query_length_served=0s ingester_chunk_refs=0 ingester_chunk_downloaded=0 ingester_chunk_matches=2 ingester_requests=1 ingester_chunk_head_bytes=2.0kB ingester_chunk_compressed_bytes=0B ingester_chunk_decompressed_bytes=0B ingester_post_filter_lines=1 congestion_control_latency=0s index_total_chunks=0 index_post_bloom_filter_chunks=0 index_bloom_filter_ratio=0.00 disable_pipeline_wrappers=false
15:30:14.359 [docker-java-stream-964983675] INFO  tc.loki - STDERR: level=info ts=2026-05-11T15:30:14.275504746Z caller=metrics.go:216 component=frontend org_id=fake traceID=3923a7bd9f547264 latency=fast query="{job=\"gravitee/gravitee-otel-logs\"} |= \"DOWN\"" query_hash=2453200016 query_type=filter range_type=range length=2m5s start_delta=2m0.007498998s end_delta=-4.99250092s step=1s duration=3.655597ms status=200 limit=50 returned_lines=0 throughput=542kB total_bytes=2.0kB total_bytes_structured_metadata=0B lines_per_second=820 total_lines=3 post_filter_lines=1 total_entries=1 store_chunks_download_time=0s queue_time=233µs splits=0 shards=1 query_referenced_structured_metadata=false pipeline_wrapper_filtered_lines=0 chunk_refs_fetch_time=61.476µs cache_chunk_req=0 cache_chunk_hit=0 cache_chunk_bytes_stored=0 cache_chunk_bytes_fetched=0 cache_chunk_download_time=0s cache_index_req=0 cache_index_hit=0 cache_index_download_time=0s cache_stats_results_req=0 cache_stats_results_hit=0 cache_stats_results_download_time=0s cache_volume_results_req=0 cache_volume_results_hit=0 cache_volume_results_download_time=0s cache_result_req=0 cache_result_hit=0 cache_result_download_time=0s cache_result_query_length_served=0s ingester_chunk_refs=0 ingester_chunk_downloaded=0 ingester_chunk_matches=2 ingester_requests=1 ingester_chunk_head_bytes=2.0kB ingester_chunk_compressed_bytes=0B ingester_chunk_decompressed_bytes=0B ingester_post_filter_lines=1 congestion_control_latency=0s index_total_chunks=0 index_post_bloom_filter_chunks=0 index_bloom_filter_ratio=0.00 disable_pipeline_wrappers=false
]]></system-out>
  </testcase>
  <testcase name="errorStatusProducesSeverityErrorLog" classname="io.gravitee.reporter.otellogs.integration.OtelLogsReporterIT" time="2.012">
    <system-out><![CDATA[15:30:16.358 [docker-java-stream-964983675] INFO  tc.loki - STDERR: level=info ts=2026-05-11T15:30:16.285465831Z caller=roundtrip.go:289 org_id=fake traceID=0d5a46399e8d44b9 msg="executing query" type=range query="{job=\"gravitee/gravitee-otel-logs\"} |= \"users\"" start=2026-05-11T15:28:16.283Z end=2026-05-11T15:30:21.283Z start_delta=2m0.002463674s end_delta=-4.997536244s length=2m5s step=1000 query_hash=2315352552
15:30:16.359 [docker-java-stream-964983675] INFO  tc.loki - STDERR: ts=2026-05-11T15:30:16.286910503Z caller=spanlogger.go:109 user=fake level=info org_id=fake traceID=0d5a46399e8d44b9 caller=metrics.go latency=fast query_type=stats start=2026-05-11T15:27:46Z end=2026-05-11T15:30:21Z start_delta=2m30.28690631s end_delta=-4.713093489s length=2m35s duration=225.614µs status=200 query="{job=\"gravitee/gravitee-otel-logs\"}" query_hash=1284913455 total_entries=1
15:30:16.359 [docker-java-stream-964983675] INFO  tc.loki - STDERR: level=info ts=2026-05-11T15:30:16.288081977Z caller=engine.go:239 component=querier org_id=fake traceID=0d5a46399e8d44b9 msg="executing query" type=range query="{job=\"gravitee/gravitee-otel-logs\"} |= \"users\"" length=2m5s step=1s query_hash=2315352552
15:30:16.359 [docker-java-stream-964983675] INFO  tc.loki - STDERR: level=info ts=2026-05-11T15:30:16.288750098Z caller=metrics.go:216 component=querier org_id=fake traceID=0d5a46399e8d44b9 latency=fast query="{job=\"gravitee/gravitee-otel-logs\"} |= \"users\"" query_hash=2315352552 query_type=filter range_type=range length=2m5s start_delta=2m0.005743737s end_delta=-4.994256187s step=1s duration=614.481µs status=500 limit=50 returned_lines=3 throughput=4.3MB total_bytes=2.7kB total_bytes_structured_metadata=0B lines_per_second=6509 total_lines=4 post_filter_lines=3 total_entries=3 store_chunks_download_time=0s queue_time=295.738µs splits=0 shards=0 query_referenced_structured_metadata=false pipeline_wrapper_filtered_lines=0 chunk_refs_fetch_time=71.87µs cache_chunk_req=0 cache_chunk_hit=0 cache_chunk_bytes_stored=0 cache_chunk_bytes_fetched=0 cache_chunk_download_time=0s cache_index_req=0 cache_index_hit=0 cache_index_download_time=0s cache_stats_results_req=0 cache_stats_results_hit=0 cache_stats_results_download_time=0s cache_volume_results_req=0 cache_volume_results_hit=0 cache_volume_results_download_time=0s cache_result_req=0 cache_result_hit=0 cache_result_download_time=0s cache_result_query_length_served=0s ingester_chunk_refs=0 ingester_chunk_downloaded=0 ingester_chunk_matches=2 ingester_requests=1 ingester_chunk_head_bytes=2.7kB ingester_chunk_compressed_bytes=0B ingester_chunk_decompressed_bytes=0B ingester_post_filter_lines=3 congestion_control_latency=0s index_total_chunks=0 index_post_bloom_filter_chunks=0 index_bloom_filter_ratio=0.00 disable_pipeline_wrappers=false
15:30:16.359 [docker-java-stream-964983675] INFO  tc.loki - STDERR: level=info ts=2026-05-11T15:30:16.289258596Z caller=metrics.go:216 component=frontend org_id=fake traceID=0d5a46399e8d44b9 latency=fast query="{job=\"gravitee/gravitee-otel-logs\"} |= \"users\"" query_hash=2315352552 query_type=filter range_type=range length=2m5s start_delta=2m0.006253345s end_delta=-4.99374656s step=1s duration=3.613621ms status=200 limit=50 returned_lines=0 throughput=738kB total_bytes=2.7kB total_bytes_structured_metadata=0B lines_per_second=1106 total_lines=4 post_filter_lines=3 total_entries=3 store_chunks_download_time=0s queue_time=296µs splits=0 shards=1 query_referenced_structured_metadata=false pipeline_wrapper_filtered_lines=0 chunk_refs_fetch_time=71.87µs cache_chunk_req=0 cache_chunk_hit=0 cache_chunk_bytes_stored=0 cache_chunk_bytes_fetched=0 cache_chunk_download_time=0s cache_index_req=0 cache_index_hit=0 cache_index_download_time=0s cache_stats_results_req=0 cache_stats_results_hit=0 cache_stats_results_download_time=0s cache_volume_results_req=0 cache_volume_results_hit=0 cache_volume_results_download_time=0s cache_result_req=0 cache_result_hit=0 cache_result_download_time=0s cache_result_query_length_served=0s ingester_chunk_refs=0 ingester_chunk_downloaded=0 ingester_chunk_matches=2 ingester_requests=1 ingester_chunk_head_bytes=2.7kB ingester_chunk_compressed_bytes=0B ingester_chunk_decompressed_bytes=0B ingester_post_filter_lines=3 congestion_control_latency=0s index_total_chunks=0 index_post_bloom_filter_chunks=0 index_bloom_filter_ratio=0.00 disable_pipeline_wrappers=false
]]></system-out>
  </testcase>
  <testcase name="canHandleReturnsFalseForLogWhenReportLogsDisabled" classname="io.gravitee.reporter.otellogs.integration.OtelLogsReporterIT" time="0.03"/>
  <testcase name="sentryTraceAttributeAppearsInLog" classname="io.gravitee.reporter.otellogs.integration.OtelLogsReporterIT" time="2.014">
    <system-out><![CDATA[15:30:18.359 [docker-java-stream-964983675] INFO  tc.loki - STDERR: level=info ts=2026-05-11T15:30:18.298958354Z caller=roundtrip.go:289 org_id=fake traceID=2bf16740fc6c62cf msg="executing query" type=range query="{job=\"gravitee/gravitee-otel-logs\"} |= \"500\"" start=2026-05-11T15:28:18.297Z end=2026-05-11T15:30:23.297Z start_delta=2m0.001956013s end_delta=-4.998043902s length=2m5s step=1000 query_hash=424637703
15:30:18.359 [docker-java-stream-964983675] INFO  tc.loki - STDERR: ts=2026-05-11T15:30:18.300206353Z caller=spanlogger.go:109 user=fake level=info org_id=fake traceID=2bf16740fc6c62cf caller=metrics.go latency=fast query_type=stats start=2026-05-11T15:27:48Z end=2026-05-11T15:30:23Z start_delta=2m30.300193808s end_delta=-4.699805945s length=2m35s duration=536.403µs status=200 query="{job=\"gravitee/gravitee-otel-logs\"}" query_hash=1284913455 total_entries=1
15:30:18.359 [docker-java-stream-964983675] INFO  tc.loki - STDERR: level=info ts=2026-05-11T15:30:18.301334252Z caller=engine.go:239 component=querier org_id=fake traceID=2bf16740fc6c62cf msg="executing query" type=range query="{job=\"gravitee/gravitee-otel-logs\"} |= \"500\"" length=2m5s step=1s query_hash=424637703
15:30:18.359 [docker-java-stream-964983675] INFO  tc.loki - STDERR: level=info ts=2026-05-11T15:30:18.301927779Z caller=metrics.go:216 component=querier org_id=fake traceID=2bf16740fc6c62cf latency=fast query="{job=\"gravitee/gravitee-otel-logs\"} |= \"500\"" query_hash=424637703 query_type=filter range_type=range length=2m5s start_delta=2m0.004919536s end_delta=-4.995080367s step=1s duration=547.809µs status=500 limit=50 returned_lines=1 throughput=6.1MB total_bytes=3.4kB total_bytes_structured_metadata=0B lines_per_second=9127 total_lines=5 post_filter_lines=1 total_entries=1 store_chunks_download_time=0s queue_time=282.73µs splits=0 shards=0 query_referenced_structured_metadata=false pipeline_wrapper_filtered_lines=0 chunk_refs_fetch_time=64.864µs cache_chunk_req=0 cache_chunk_hit=0 cache_chunk_bytes_stored=0 cache_chunk_bytes_fetched=0 cache_chunk_download_time=0s cache_index_req=0 cache_index_hit=0 cache_index_download_time=0s cache_stats_results_req=0 cache_stats_results_hit=0 cache_stats_results_download_time=0s cache_volume_results_req=0 cache_volume_results_hit=0 cache_volume_results_download_time=0s cache_result_req=0 cache_result_hit=0 cache_result_download_time=0s cache_result_query_length_served=0s ingester_chunk_refs=0 ingester_chunk_downloaded=0 ingester_chunk_matches=2 ingester_requests=1 ingester_chunk_head_bytes=3.4kB ingester_chunk_compressed_bytes=0B ingester_chunk_decompressed_bytes=0B ingester_post_filter_lines=1 congestion_control_latency=0s index_total_chunks=0 index_post_bloom_filter_chunks=0 index_bloom_filter_ratio=0.00 disable_pipeline_wrappers=false
15:30:18.359 [docker-java-stream-964983675] INFO  tc.loki - STDERR: level=info ts=2026-05-11T15:30:18.302484621Z caller=metrics.go:216 component=frontend org_id=fake traceID=2bf16740fc6c62cf latency=fast query="{job=\"gravitee/gravitee-otel-logs\"} |= \"500\"" query_hash=424637703 query_type=filter range_type=range length=2m5s start_delta=2m0.005453993s end_delta=-4.994545905s step=1s duration=3.332152ms status=200 limit=50 returned_lines=0 throughput=1.0MB total_bytes=3.4kB total_bytes_structured_metadata=0B lines_per_second=1500 total_lines=5 post_filter_lines=1 total_entries=1 store_chunks_download_time=0s queue_time=283µs splits=0 shards=1 query_referenced_structured_metadata=false pipeline_wrapper_filtered_lines=0 chunk_refs_fetch_time=64.864µs cache_chunk_req=0 cache_chunk_hit=0 cache_chunk_bytes_stored=0 cache_chunk_bytes_fetched=0 cache_chunk_download_time=0s cache_index_req=0 cache_index_hit=0 cache_index_download_time=0s cache_stats_results_req=0 cache_stats_results_hit=0 cache_stats_results_download_time=0s cache_volume_results_req=0 cache_volume_results_hit=0 cache_volume_results_download_time=0s cache_result_req=0 cache_result_hit=0 cache_result_download_time=0s cache_result_query_length_served=0s ingester_chunk_refs=0 ingester_chunk_downloaded=0 ingester_chunk_matches=2 ingester_requests=1 ingester_chunk_head_bytes=3.4kB ingester_chunk_compressed_bytes=0B ingester_chunk_decompressed_bytes=0B ingester_post_filter_lines=1 congestion_control_latency=0s index_total_chunks=0 index_post_bloom_filter_chunks=0 index_bloom_filter_ratio=0.00 disable_pipeline_wrappers=false
]]></system-out>
  </testcase>
</testsuite>