<?xml version="1.0" encoding="UTF-8"?>
<testsuite xmlns:xsi="http://www.w3.org/2001/XMLSchema-instance" xsi:noNamespaceSchemaLocation="https://maven.apache.org/surefire/maven-failsafe-plugin/xsd/failsafe-test-report-3.0.xsd" version="3.0" name="io.gravitee.reporter.otellogs.integration.OtelLogsReporterIT" time="36.107" tests="7" errors="0" skipped="0" failures="0">
  <properties>
[...]
</properties>
  <testcase name="traceIdFromXRequestIdAppearsInLogLine" classname="io.gravitee.reporter.otellogs.integration.OtelLogsReporterIT" time="2.239">
    <system-out><![CDATA[13:57:54.084 [testcontainers-lifecycle-0] INFO  tc.testcontainers/ryuk:0.12.0 - Creating container for image: testcontainers/ryuk:0.12.0
13:57:54.244 [testcontainers-lifecycle-0] INFO  tc.testcontainers/ryuk:0.12.0 - Container testcontainers/ryuk:0.12.0 is starting: e639ece5c9c15bfe31414d6614450cd60638cae41fabb4a9b34989e6228626aa
13:57:55.035 [testcontainers-lifecycle-0] INFO  tc.testcontainers/ryuk:0.12.0 - Container testcontainers/ryuk:0.12.0 started in PT0.951611274S
13:57:55.043 [testcontainers-lifecycle-0] INFO  tc.grafana/loki:3.0.0 - Creating container for image: grafana/loki:3.0.0
13:57:55.393 [testcontainers-lifecycle-0] INFO  tc.grafana/loki:3.0.0 - Container grafana/loki:3.0.0 is starting: d8478205d45e5fecf86c99906b08b0e418f2c8f0240fd8536cfbe0d418405078
13:57:57.589 [docker-java-stream-645753339] INFO  tc.loki - STDERR: level=info ts=2026-05-11T13:57:57.517011551Z caller=main.go:120 msg="Starting Loki" version="(version=3.0.0, branch=HEAD, revision=b4f7181c7a)"
13:57:57.589 [docker-java-stream-645753339] INFO  tc.loki - STDERR: level=info ts=2026-05-11T13:57:57.559414924Z caller=server.go:354 msg="server listening on addresses" http=[::]:3100 grpc=[::]:9095
13:57:57.589 [docker-java-stream-645753339] INFO  tc.loki - STDERR: level=info ts=2026-05-11T13:57:57.563550323Z caller=table_manager.go:136 index-store=tsdb-2020-10-24 msg="uploading tables"
13:57:57.589 [docker-java-stream-645753339] INFO  tc.loki - STDERR: level=info ts=2026-05-11T13:57:57.563691002Z caller=table_manager.go:273 index-store=tsdb-2020-10-24 msg="query readiness setup completed" duration=1.414µs distinct_users_len=0 distinct_users=
13:57:57.589 [docker-java-stream-645753339] INFO  tc.loki - STDERR: level=info ts=2026-05-11T13:57:57.563732556Z caller=shipper.go:160 index-store=tsdb-2020-10-24 msg="starting index shipper in RW mode"
13:57:57.589 [docker-java-stream-645753339] INFO  tc.loki - STDERR: level=info ts=2026-05-11T13:57:57.564579224Z caller=head_manager.go:308 index-store=tsdb-2020-10-24 component=tsdb-head-manager msg="loaded wals by period" groups=0
13:57:57.589 [docker-java-stream-645753339] INFO  tc.loki - STDERR: level=info ts=2026-05-11T13:57:57.564624613Z caller=manager.go:86 index-store=tsdb-2020-10-24 component=tsdb-manager msg="loaded leftover local indices" err=null successful=true buckets=0 indices=0 failures=0
13:57:57.589 [docker-java-stream-645753339] INFO  tc.loki - STDERR: level=info ts=2026-05-11T13:57:57.564636462Z caller=head_manager.go:308 index-store=tsdb-2020-10-24 component=tsdb-head-manager msg="loaded wals by period" groups=0
13:57:57.590 [docker-java-stream-645753339] INFO  tc.loki - STDERR: level=info ts=2026-05-11T13:57:57.565373882Z caller=worker.go:113 component=querier msg="Starting querier worker using query-scheduler and scheduler ring for addresses"
13:57:57.590 [docker-java-stream-645753339] INFO  tc.loki - STDERR: level=info ts=2026-05-11T13:57:57.566604179Z caller=mapper.go:47 msg="cleaning up mapped rules directory" path=/loki/rules-temp
13:57:57.989 [docker-java-stream-645753339] INFO  tc.loki - STDERR: level=info ts=2026-05-11T13:57:57.915781175Z caller=module_service.go:82 msg=starting module=cache-generation-loader
13:57:57.989 [docker-java-stream-645753339] INFO  tc.loki - STDERR: level=info ts=2026-05-11T13:57:57.915847947Z caller=module_service.go:82 msg=starting module=server
13:57:57.989 [docker-java-stream-645753339] INFO  tc.loki - STDERR: level=info ts=2026-05-11T13:57:57.915983418Z caller=module_service.go:82 msg=starting module=query-frontend-tripperware
13:57:57.989 [docker-java-stream-645753339] INFO  tc.loki - STDERR: level=info ts=2026-05-11T13:57:57.916058563Z caller=module_service.go:82 msg=starting module=memberlist-kv
13:57:57.989 [docker-java-stream-645753339] INFO  tc.loki - STDERR: level=info ts=2026-05-11T13:57:57.916089442Z caller=module_service.go:82 msg=starting module=store
13:57:57.989 [docker-java-stream-645753339] INFO  tc.loki - STDERR: level=info ts=2026-05-11T13:57:57.916102132Z caller=module_service.go:82 msg=starting module=query-scheduler-ring
13:57:57.989 [docker-java-stream-645753339] INFO  tc.loki - STDERR: level=info ts=2026-05-11T13:57:57.916159986Z caller=module_service.go:82 msg=starting module=ring
13:57:57.989 [docker-java-stream-645753339] INFO  tc.loki - STDERR: level=info ts=2026-05-11T13:57:57.916359798Z caller=ring.go:276 msg="ring doesn't exist in KV store yet"
13:57:57.990 [docker-java-stream-645753339] INFO  tc.loki - STDERR: level=info ts=2026-05-11T13:57:57.916395039Z caller=basic_lifecycler.go:297 msg="instance not found in the ring" instance=d8478205d45e ring=scheduler
13:57:57.990 [docker-java-stream-645753339] INFO  tc.loki - STDERR: level=info ts=2026-05-11T13:57:57.916402495Z caller=basic_lifecycler_delegates.go:63 msg="not loading tokens from file, tokens file path is empty"
13:57:57.990 [docker-java-stream-645753339] INFO  tc.loki - STDERR: level=info ts=2026-05-11T13:57:57.916399896Z caller=ring.go:276 msg="ring doesn't exist in KV store yet"
13:57:57.990 [docker-java-stream-645753339] INFO  tc.loki - STDERR: level=info ts=2026-05-11T13:57:57.916485346Z caller=module_service.go:82 msg=starting module=ingester-querier
13:57:57.990 [docker-java-stream-645753339] INFO  tc.loki - STDERR: level=info ts=2026-05-11T13:57:57.916492673Z caller=module_service.go:82 msg=starting module=analytics
13:57:57.990 [docker-java-stream-645753339] INFO  tc.loki - STDERR: level=info ts=2026-05-11T13:57:57.916543272Z caller=ringmanager.go:186 msg="waiting until scheduler is JOINING in the ring"
13:57:57.990 [docker-java-stream-645753339] INFO  tc.loki - STDERR: level=info ts=2026-05-11T13:57:57.916552807Z caller=ringmanager.go:190 msg="scheduler is JOINING in the ring"
13:57:57.990 [docker-java-stream-645753339] INFO  tc.loki - STDERR: level=info ts=2026-05-11T13:57:57.916650686Z caller=ringmanager.go:199 msg="waiting until scheduler is ACTIVE in the ring"
13:57:57.990 [docker-java-stream-645753339] INFO  tc.loki - STDERR: level=info ts=2026-05-11T13:57:57.916673734Z caller=module_service.go:82 msg=starting module=distributor
13:57:57.990 [docker-java-stream-645753339] INFO  tc.loki - STDERR: level=info ts=2026-05-11T13:57:57.916664352Z caller=module_service.go:82 msg=starting module=compactor
13:57:57.990 [docker-java-stream-645753339] INFO  tc.loki - STDERR: level=info ts=2026-05-11T13:57:57.916714481Z caller=module_service.go:82 msg=starting module=ruler
13:57:57.990 [docker-java-stream-645753339] INFO  tc.loki - STDERR: level=error ts=2026-05-11T13:57:57.91671565Z caller=ratestore.go:109 msg="error getting ingester clients" err="empty ring"
13:57:57.990 [docker-java-stream-645753339] INFO  tc.loki - STDERR: level=info ts=2026-05-11T13:57:57.916727859Z caller=ruler.go:533 msg="ruler up and running"
13:57:57.990 [docker-java-stream-645753339] INFO  tc.loki - STDERR: level=info ts=2026-05-11T13:57:57.916746304Z caller=basic_lifecycler.go:297 component=distributor msg="instance not found in the ring" instance=d8478205d45e ring=distributor
13:57:57.991 [docker-java-stream-645753339] INFO  tc.loki - STDERR: level=info ts=2026-05-11T13:57:57.916778857Z caller=module_service.go:82 msg=starting module=ingester
13:57:57.991 [docker-java-stream-645753339] INFO  tc.loki - STDERR: level=info ts=2026-05-11T13:57:57.916799893Z caller=ingester.go:445 component=ingester msg="recovering from checkpoint"
13:57:57.991 [docker-java-stream-645753339] INFO  tc.loki - STDERR: level=info ts=2026-05-11T13:57:57.916897293Z caller=ring.go:276 msg="ring doesn't exist in KV store yet"
13:57:57.991 [docker-java-stream-645753339] INFO  tc.loki - STDERR: level=info ts=2026-05-11T13:57:57.916876535Z caller=recovery.go:40 component=ingester msg="no checkpoint found, treating as no-op"
13:57:57.991 [docker-java-stream-645753339] INFO  tc.loki - STDERR: level=info ts=2026-05-11T13:57:57.916933634Z caller=basic_lifecycler.go:297 msg="instance not found in the ring" instance=d8478205d45e ring=compactor
13:57:57.991 [docker-java-stream-645753339] INFO  tc.loki - STDERR: level=info ts=2026-05-11T13:57:57.916947169Z caller=basic_lifecycler_delegates.go:63 msg="not loading tokens from file, tokens file path is empty"
13:57:57.991 [docker-java-stream-645753339] INFO  tc.loki - STDERR: level=info ts=2026-05-11T13:57:57.917032068Z caller=ingester.go:461 component=ingester msg="recovered WAL checkpoint recovery finished" elapsed=247.489µs errors=false
13:57:57.991 [docker-java-stream-645753339] INFO  tc.loki - STDERR: level=info ts=2026-05-11T13:57:57.917043815Z caller=ingester.go:467 component=ingester msg="recovering from WAL"
13:57:57.991 [docker-java-stream-645753339] INFO  tc.loki - STDERR: level=info ts=2026-05-11T13:57:57.917068627Z caller=compactor.go:410 msg="waiting until compactor is JOINING in the ring"
13:57:57.991 [docker-java-stream-645753339] INFO  tc.loki - STDERR: level=info ts=2026-05-11T13:57:57.917081275Z caller=compactor.go:414 msg="compactor is JOINING in the ring"
13:57:57.992 [docker-java-stream-645753339] INFO  tc.loki - STDERR: level=info ts=2026-05-11T13:57:57.917209396Z caller=compactor.go:424 msg="waiting until compactor is ACTIVE in the ring"
13:57:57.992 [docker-java-stream-645753339] INFO  tc.loki - STDERR: level=info ts=2026-05-11T13:57:57.91726461Z caller=ingester.go:483 component=ingester msg="WAL segment recovery finished" elapsed=477.079µs errors=false
13:57:57.992 [docker-java-stream-645753339] INFO  tc.loki - STDERR: level=info ts=2026-05-11T13:57:57.917273929Z caller=ingester.go:431 component=ingester msg="closing recoverer"
13:57:57.992 [docker-java-stream-645753339] INFO  tc.loki - STDERR: level=info ts=2026-05-11T13:57:57.917277796Z caller=ingester.go:439 component=ingester msg="WAL recovery finished" time=493.574µs
13:57:57.992 [docker-java-stream-645753339] INFO  tc.loki - STDERR: level=info ts=2026-05-11T13:57:57.917290828Z caller=wal.go:156 msg=started component=wal
13:57:57.992 [docker-java-stream-645753339] INFO  tc.loki - STDERR: level=info ts=2026-05-11T13:57:57.917326959Z caller=lifecycler.go:614 component=ingester msg="not loading tokens from file, tokens file path is empty"
13:57:57.992 [docker-java-stream-645753339] INFO  tc.loki - STDERR: level=info ts=2026-05-11T13:57:57.917345339Z caller=lifecycler.go:639 component=ingester msg="instance not found in ring, adding with no tokens" ring=ingester
13:57:57.992 [docker-java-stream-645753339] INFO  tc.loki - STDERR: level=info ts=2026-05-11T13:57:57.917396289Z caller=lifecycler.go:483 component=ingester msg="auto-joining cluster after timeout" ring=ingester
13:57:57.992 [docker-java-stream-645753339] INFO  tc.loki - STDERR: level=info ts=2026-05-11T13:57:57.917414481Z caller=ingester.go:613 component=ingester msg="sleeping for initial delay before starting periodic flushing" delay=2.229844603s
13:57:58.081 [docker-java-stream-645753339] INFO  tc.loki - STDERR: level=info ts=2026-05-11T13:57:58.072376665Z caller=ringmanager.go:203 msg="scheduler is ACTIVE in the ring"
13:57:58.081 [docker-java-stream-645753339] INFO  tc.loki - STDERR: level=info ts=2026-05-11T13:57:58.072474735Z caller=module_service.go:82 msg=starting module=query-scheduler
13:57:58.081 [docker-java-stream-645753339] INFO  tc.loki - STDERR: level=info ts=2026-05-11T13:57:58.072636589Z caller=module_service.go:82 msg=starting module=querier
13:57:58.081 [docker-java-stream-645753339] INFO  tc.loki - STDERR: level=info ts=2026-05-11T13:57:58.072638026Z caller=module_service.go:82 msg=starting module=query-frontend
13:57:58.081 [docker-java-stream-645753339] INFO  tc.loki - STDERR: level=info ts=2026-05-11T13:57:58.08070878Z caller=compactor.go:428 msg="compactor is ACTIVE in the ring"
13:57:58.082 [docker-java-stream-645753339] INFO  tc.loki - STDERR: level=info ts=2026-05-11T13:57:58.080827347Z caller=loki.go:503 msg="Loki started" startup_time=2.043426321s
13:58:01.088 [docker-java-stream-645753339] INFO  tc.loki - STDERR: level=info ts=2026-05-11T13:58:01.073027746Z caller=scheduler.go:653 msg="this scheduler is in the ReplicationSet, will now accept requests."
13:58:01.089 [docker-java-stream-645753339] INFO  tc.loki - STDERR: level=info ts=2026-05-11T13:58:01.073069541Z caller=worker.go:210 component=querier msg="adding connection" addr=127.0.0.1:9095
13:58:03.088 [docker-java-stream-645753339] INFO  tc.loki - STDERR: level=info ts=2026-05-11T13:58:03.081586829Z caller=compactor.go:489 msg="this instance has been chosen to run the compactor, starting compactor"
13:58:03.088 [docker-java-stream-645753339] INFO  tc.loki - STDERR: level=info ts=2026-05-11T13:58:03.08165005Z caller=compactor.go:518 msg="waiting 10m0s for ring to stay stable and previous compactions to finish before starting compactor"
13:58:08.087 [docker-java-stream-645753339] INFO  tc.loki - STDERR: level=info ts=2026-05-11T13:58:08.073254445Z caller=frontend_scheduler_worker.go:106 msg="adding connection to scheduler" addr=127.0.0.1:9095
13:58:14.146 [testcontainers-lifecycle-0] INFO  tc.grafana/loki:3.0.0 - Container grafana/loki:3.0.0 started in PT19.102963727S
13:58:14.148 [testcontainers-lifecycle-1] INFO  t.o.104.0 - Creating container for image: otel/opentelemetry-collector-contrib:0.104.0
13:58:14.251 [testcontainers-lifecycle-1] INFO  t.o.104.0 - Container otel/opentelemetry-collector-contrib:0.104.0 is starting: 591b55c268ff7747d935c335b986c3857929e35002aac86dc3d85000d37a792a
13:58:15.250 [docker-java-stream--71281006] INFO  tc.collector - STDERR: 2026-05-11T13:58:15.248Z	info	service@v0.104.0/service.go:115	Setting up own telemetry...
13:58:15.250 [docker-java-stream--71281006] INFO  tc.collector - STDERR: 2026-05-11T13:58:15.249Z	info	service@v0.104.0/telemetry.go:96	Serving metrics	{"address": ":8888", "level": "Normal"}
13:58:15.250 [docker-java-stream--71281006] INFO  tc.collector - STDERR: 2026-05-11T13:58:15.249Z	info	lokiexporter@v0.104.0/exporter.go:43	using the new Loki exporter	{"kind": "exporter", "data_type": "logs", "name": "loki"}
13:58:15.251 [docker-java-stream--71281006] INFO  tc.collector - STDERR: 2026-05-11T13:58:15.251Z	info	service@v0.104.0/service.go:193	Starting otelcol-contrib...	{"Version": "0.104.0", "NumCPU": 14}
13:58:15.252 [docker-java-stream--71281006] INFO  tc.collector - STDERR: 2026-05-11T13:58:15.251Z	info	extensions/extensions.go:34	Starting extensions...
13:58:15.252 [docker-java-stream--71281006] INFO  tc.collector - STDERR: 2026-05-11T13:58:15.251Z	info	otlpreceiver@v0.104.0/otlp.go:102	Starting GRPC server	{"kind": "receiver", "name": "otlp", "data_type": "logs", "endpoint": "0.0.0.0:4317"}
13:58:15.283 [docker-java-stream--71281006] INFO  tc.collector - STDERR: 2026-05-11T13:58:15.282Z	info	service@v0.104.0/service.go:219	Everything is ready. Begin running and processing data.
13:58:15.283 [testcontainers-lifecycle-1] INFO  t.o.104.0 - Container otel/opentelemetry-collector-contrib:0.104.0 started in PT1.135746407S
13:58:15.502 [main] INFO  i.g.r.otellogs.OtelLogsReporter - OTel logs reporter started — exporting to http://localhost:4317
]]></system-out>
  </testcase>
  <testcase name="traceparentHeaderSetsTraceContext" classname="io.gravitee.reporter.otellogs.integration.OtelLogsReporterIT" time="2.022">
    <system-out><![CDATA[13:58:17.788 [docker-java-stream-645753339] INFO  tc.loki - STDERR: level=info ts=2026-05-11T13:58:17.721359385Z caller=roundtrip.go:289 org_id=fake traceID=0420583df6c0a31f msg="executing query" type=range query="{job=\"gravitee/gravitee-otel-logs\"} |= \"550e8400\"" start=2026-05-11T13:56:17.689Z end=2026-05-11T13:58:22.689Z start_delta=2m0.032355905s end_delta=-4.967644003s length=2m5s step=1000 query_hash=455623281
13:58:17.788 [docker-java-stream-645753339] INFO  tc.loki - STDERR: level=info ts=2026-05-11T13:58:17.722895842Z caller=table_manager.go:197 index-store=tsdb-2020-10-24 msg="downloading all files for table index_20584"
13:58:17.789 [docker-java-stream-645753339] INFO  tc.loki - STDERR: ts=2026-05-11T13:58:17.723480751Z caller=spanlogger.go:109 table-name=index_20584 user=fake level=info msg="downloaded index set at query time" duration=139.152µs
13:58:17.789 [docker-java-stream-645753339] INFO  tc.loki - STDERR: ts=2026-05-11T13:58:17.723770233Z caller=spanlogger.go:109 table-name=index_20584 user-id=fake user=fake level=info msg="downloaded index set at query time" duration=115.645µs
13:58:17.789 [docker-java-stream-645753339] INFO  tc.loki - STDERR: ts=2026-05-11T13:58:17.725067807Z caller=spanlogger.go:109 user=fake level=info org_id=fake traceID=0420583df6c0a31f caller=metrics.go latency=fast query_type=stats start=2026-05-11T13:55:47Z end=2026-05-11T13:58:22Z start_delta=2m30.725064937s end_delta=-4.274934594s length=2m35s duration=2.293164ms status=200 query="{job=\"gravitee/gravitee-otel-logs\"}" query_hash=1284913455 total_entries=1
13:58:17.789 [docker-java-stream-645753339] INFO  tc.loki - STDERR: level=info ts=2026-05-11T13:58:17.728043175Z caller=engine.go:239 component=querier org_id=fake traceID=0420583df6c0a31f msg="executing query" type=range query="{job=\"gravitee/gravitee-otel-logs\"} |= \"550e8400\"" length=2m5s step=1s query_hash=455623281
13:58:17.789 [docker-java-stream-645753339] INFO  tc.loki - STDERR: level=info ts=2026-05-11T13:58:17.729623405Z caller=metrics.go:216 component=querier org_id=fake traceID=0420583df6c0a31f latency=fast query="{job=\"gravitee/gravitee-otel-logs\"} |= \"550e8400\"" query_hash=455623281 query_type=filter range_type=range length=2m5s start_delta=2m0.040615883s end_delta=-4.959384026s step=1s duration=1.50341ms status=500 limit=50 returned_lines=1 throughput=459kB total_bytes=690B total_bytes_structured_metadata=0B lines_per_second=665 total_lines=1 post_filter_lines=1 total_entries=1 store_chunks_download_time=0s queue_time=468.609µs splits=0 shards=0 query_referenced_structured_metadata=false pipeline_wrapper_filtered_lines=0 chunk_refs_fetch_time=145.384µs cache_chunk_req=0 cache_chunk_hit=0 cache_chunk_bytes_stored=0 cache_chunk_bytes_fetched=0 cache_chunk_download_time=0s cache_index_req=0 cache_index_hit=0 cache_index_download_time=0s cache_stats_results_req=0 cache_stats_results_hit=0 cache_stats_results_download_time=0s cache_volume_results_req=0 cache_volume_results_hit=0 cache_volume_results_download_time=0s cache_result_req=0 cache_result_hit=0 cache_result_download_time=0s cache_result_query_length_served=0s ingester_chunk_refs=0 ingester_chunk_downloaded=0 ingester_chunk_matches=1 ingester_requests=1 ingester_chunk_head_bytes=690B ingester_chunk_compressed_bytes=0B ingester_chunk_decompressed_bytes=0B ingester_post_filter_lines=1 congestion_control_latency=0s index_total_chunks=0 index_post_bloom_filter_chunks=0 index_bloom_filter_ratio=0.00 disable_pipeline_wrappers=false
13:58:17.789 [docker-java-stream-645753339] INFO  tc.loki - STDERR: level=info ts=2026-05-11T13:58:17.731087252Z caller=metrics.go:216 component=frontend org_id=fake traceID=0420583df6c0a31f latency=fast query="{job=\"gravitee/gravitee-otel-logs\"} |= \"550e8400\"" query_hash=455623281 query_type=filter range_type=range length=2m5s start_delta=2m0.04208259s end_delta=-4.957917322s step=1s duration=9.575158ms status=200 limit=50 returned_lines=0 throughput=72kB total_bytes=690B total_bytes_structured_metadata=0B lines_per_second=104 total_lines=1 post_filter_lines=1 total_entries=1 store_chunks_download_time=0s queue_time=469µs splits=0 shards=1 query_referenced_structured_metadata=false pipeline_wrapper_filtered_lines=0 chunk_refs_fetch_time=145.384µs cache_chunk_req=0 cache_chunk_hit=0 cache_chunk_bytes_stored=0 cache_chunk_bytes_fetched=0 cache_chunk_download_time=0s cache_index_req=0 cache_index_hit=0 cache_index_download_time=0s cache_stats_results_req=0 cache_stats_results_hit=0 cache_stats_results_download_time=0s cache_volume_results_req=0 cache_volume_results_hit=0 cache_volume_results_download_time=0s cache_result_req=0 cache_result_hit=0 cache_result_download_time=0s cache_result_query_length_served=0s ingester_chunk_refs=0 ingester_chunk_downloaded=0 ingester_chunk_matches=1 ingester_requests=1 ingester_chunk_head_bytes=690B ingester_chunk_compressed_bytes=0B ingester_chunk_decompressed_bytes=0B ingester_post_filter_lines=1 congestion_control_latency=0s index_total_chunks=0 index_post_bloom_filter_chunks=0 index_bloom_filter_ratio=0.00 disable_pipeline_wrappers=false
]]></system-out>
  </testcase>
  <testcase name="endpointStatusDownAppearsInLoki" classname="io.gravitee.reporter.otellogs.integration.OtelLogsReporterIT" time="2.023">
    <system-out><![CDATA[13:58:19.788 [docker-java-stream-645753339] INFO  tc.loki - STDERR: level=info ts=2026-05-11T13:58:19.763741948Z caller=roundtrip.go:289 org_id=fake traceID=52e146e1effea29d msg="executing query" type=range query="{job=\"gravitee/gravitee-otel-logs\"} |= \"4bf92f35\"" start=2026-05-11T13:56:19.761Z end=2026-05-11T13:58:24.761Z start_delta=2m0.002738732s end_delta=-4.997261012s length=2m5s step=1000 query_hash=861713607
13:58:19.788 [docker-java-stream-645753339] INFO  tc.loki - STDERR: ts=2026-05-11T13:58:19.766735247Z caller=spanlogger.go:109 user=fake level=info org_id=fake traceID=52e146e1effea29d caller=metrics.go latency=fast query_type=stats start=2026-05-11T13:55:49Z end=2026-05-11T13:58:24Z start_delta=2m30.766729394s end_delta=-4.233269991s length=2m35s duration=1.434296ms status=200 query="{job=\"gravitee/gravitee-otel-logs\"}" query_hash=1284913455 total_entries=1
13:58:19.788 [docker-java-stream-645753339] INFO  tc.loki - STDERR: level=info ts=2026-05-11T13:58:19.768531615Z caller=engine.go:239 component=querier org_id=fake traceID=52e146e1effea29d msg="executing query" type=range query="{job=\"gravitee/gravitee-otel-logs\"} |= \"4bf92f35\"" length=2m5s step=1s query_hash=861713607
13:58:19.789 [docker-java-stream-645753339] INFO  tc.loki - STDERR: level=info ts=2026-05-11T13:58:19.769606045Z caller=metrics.go:216 component=querier org_id=fake traceID=52e146e1effea29d latency=fast query="{job=\"gravitee/gravitee-otel-logs\"} |= \"4bf92f35\"" query_hash=861713607 query_type=filter range_type=range length=2m5s start_delta=2m0.008586444s end_delta=-4.991413424s step=1s duration=965.328µs status=500 limit=50 returned_lines=1 throughput=1.5MB total_bytes=1.4kB total_bytes_structured_metadata=0B lines_per_second=2071 total_lines=2 post_filter_lines=1 total_entries=1 store_chunks_download_time=0s queue_time=409.641µs splits=0 shards=0 query_referenced_structured_metadata=false pipeline_wrapper_filtered_lines=0 chunk_refs_fetch_time=169.886µs cache_chunk_req=0 cache_chunk_hit=0 cache_chunk_bytes_stored=0 cache_chunk_bytes_fetched=0 cache_chunk_download_time=0s cache_index_req=0 cache_index_hit=0 cache_index_download_time=0s cache_stats_results_req=0 cache_stats_results_hit=0 cache_stats_results_download_time=0s cache_volume_results_req=0 cache_volume_results_hit=0 cache_volume_results_download_time=0s cache_result_req=0 cache_result_hit=0 cache_result_download_time=0s cache_result_query_length_served=0s ingester_chunk_refs=0 ingester_chunk_downloaded=0 ingester_chunk_matches=1 ingester_requests=1 ingester_chunk_head_bytes=1.4kB ingester_chunk_compressed_bytes=0B ingester_chunk_decompressed_bytes=0B ingester_post_filter_lines=1 congestion_control_latency=0s index_total_chunks=0 index_post_bloom_filter_chunks=0 index_bloom_filter_ratio=0.00 disable_pipeline_wrappers=false
13:58:19.789 [docker-java-stream-645753339] INFO  tc.loki - STDERR: level=info ts=2026-05-11T13:58:19.770595879Z caller=metrics.go:216 component=frontend org_id=fake traceID=52e146e1effea29d latency=fast query="{job=\"gravitee/gravitee-otel-logs\"} |= \"4bf92f35\"" query_hash=861713607 query_type=filter range_type=range length=2m5s start_delta=2m0.009586314s end_delta=-4.990413556s step=1s duration=6.610428ms status=200 limit=50 returned_lines=0 throughput=212kB total_bytes=1.4kB total_bytes_structured_metadata=0B lines_per_second=302 total_lines=2 post_filter_lines=1 total_entries=1 store_chunks_download_time=0s queue_time=410µs splits=0 shards=1 query_referenced_structured_metadata=false pipeline_wrapper_filtered_lines=0 chunk_refs_fetch_time=169.886µs cache_chunk_req=0 cache_chunk_hit=0 cache_chunk_bytes_stored=0 cache_chunk_bytes_fetched=0 cache_chunk_download_time=0s cache_index_req=0 cache_index_hit=0 cache_index_download_time=0s cache_stats_results_req=0 cache_stats_results_hit=0 cache_stats_results_download_time=0s cache_volume_results_req=0 cache_volume_results_hit=0 cache_volume_results_download_time=0s cache_result_req=0 cache_result_hit=0 cache_result_download_time=0s cache_result_query_length_served=0s ingester_chunk_refs=0 ingester_chunk_downloaded=0 ingester_chunk_matches=1 ingester_requests=1 ingester_chunk_head_bytes=1.4kB ingester_chunk_compressed_bytes=0B ingester_chunk_decompressed_bytes=0B ingester_post_filter_lines=1 congestion_control_latency=0s index_total_chunks=0 index_post_bloom_filter_chunks=0 index_bloom_filter_ratio=0.00 disable_pipeline_wrappers=false
]]></system-out>
  </testcase>
  <testcase name="metricsLogAppearsInLoki" classname="io.gravitee.reporter.otellogs.integration.OtelLogsReporterIT" time="2.017">
    <system-out><![CDATA[13:58:21.888 [docker-java-stream-645753339] INFO  tc.loki - STDERR: level=info ts=2026-05-11T13:58:21.788101975Z caller=roundtrip.go:289 org_id=fake traceID=4b8d07aeec99af4b msg="executing query" type=range query="{job=\"gravitee/gravitee-otel-logs\"} |= \"DOWN\"" start=2026-05-11T13:56:21.785Z end=2026-05-11T13:58:26.785Z start_delta=2m0.003099793s end_delta=-4.99690012s length=2m5s step=1000 query_hash=2453200016
13:58:21.888 [docker-java-stream-645753339] INFO  tc.loki - STDERR: ts=2026-05-11T13:58:21.789664627Z caller=spanlogger.go:109 user=fake level=info org_id=fake traceID=4b8d07aeec99af4b caller=metrics.go latency=fast query_type=stats start=2026-05-11T13:55:51Z end=2026-05-11T13:58:26Z start_delta=2m30.789658322s end_delta=-4.210341269s length=2m35s duration=690.545µs status=200 query="{job=\"gravitee/gravitee-otel-logs\"}" query_hash=1284913455 total_entries=1
13:58:21.888 [docker-java-stream-645753339] INFO  tc.loki - STDERR: level=info ts=2026-05-11T13:58:21.791180377Z caller=engine.go:239 component=querier org_id=fake traceID=4b8d07aeec99af4b msg="executing query" type=range query="{job=\"gravitee/gravitee-otel-logs\"} |= \"DOWN\"" length=2m5s step=1s query_hash=2453200016
13:58:21.888 [docker-java-stream-645753339] INFO  tc.loki - STDERR: level=info ts=2026-05-11T13:58:21.792318299Z caller=metrics.go:216 component=querier org_id=fake traceID=4b8d07aeec99af4b latency=fast query="{job=\"gravitee/gravitee-otel-logs\"} |= \"DOWN\"" query_hash=2453200016 query_type=filter range_type=range length=2m5s start_delta=2m0.007301814s end_delta=-4.992698067s step=1s duration=1.037283ms status=500 limit=50 returned_lines=1 throughput=1.8MB total_bytes=1.9kB total_bytes_structured_metadata=0B lines_per_second=2892 total_lines=3 post_filter_lines=1 total_entries=1 store_chunks_download_time=0s queue_time=298.49µs splits=0 shards=0 query_referenced_structured_metadata=false pipeline_wrapper_filtered_lines=0 chunk_refs_fetch_time=169.627µs cache_chunk_req=0 cache_chunk_hit=0 cache_chunk_bytes_stored=0 cache_chunk_bytes_fetched=0 cache_chunk_download_time=0s cache_index_req=0 cache_index_hit=0 cache_index_download_time=0s cache_stats_results_req=0 cache_stats_results_hit=0 cache_stats_results_download_time=0s cache_volume_results_req=0 cache_volume_results_hit=0 cache_volume_results_download_time=0s cache_result_req=0 cache_result_hit=0 cache_result_download_time=0s cache_result_query_length_served=0s ingester_chunk_refs=0 ingester_chunk_downloaded=0 ingester_chunk_matches=2 ingester_requests=1 ingester_chunk_head_bytes=1.9kB ingester_chunk_compressed_bytes=0B ingester_chunk_decompressed_bytes=0B ingester_post_filter_lines=1 congestion_control_latency=0s index_total_chunks=0 index_post_bloom_filter_chunks=0 index_bloom_filter_ratio=0.00 disable_pipeline_wrappers=false
13:58:21.888 [docker-java-stream-645753339] INFO  tc.loki - STDERR: level=info ts=2026-05-11T13:58:21.793487501Z caller=metrics.go:216 component=frontend org_id=fake traceID=4b8d07aeec99af4b latency=fast query="{job=\"gravitee/gravitee-otel-logs\"} |= \"DOWN\"" query_hash=2453200016 query_type=filter range_type=range length=2m5s start_delta=2m0.008481933s end_delta=-4.991517959s step=1s duration=5.124506ms status=200 limit=50 returned_lines=0 throughput=364kB total_bytes=1.9kB total_bytes_structured_metadata=0B lines_per_second=585 total_lines=3 post_filter_lines=1 total_entries=1 store_chunks_download_time=0s queue_time=298µs splits=0 shards=1 query_referenced_structured_metadata=false pipeline_wrapper_filtered_lines=0 chunk_refs_fetch_time=169.627µs cache_chunk_req=0 cache_chunk_hit=0 cache_chunk_bytes_stored=0 cache_chunk_bytes_fetched=0 cache_chunk_download_time=0s cache_index_req=0 cache_index_hit=0 cache_index_download_time=0s cache_stats_results_req=0 cache_stats_results_hit=0 cache_stats_results_download_time=0s cache_volume_results_req=0 cache_volume_results_hit=0 cache_volume_results_download_time=0s cache_result_req=0 cache_result_hit=0 cache_result_download_time=0s cache_result_query_length_served=0s ingester_chunk_refs=0 ingester_chunk_downloaded=0 ingester_chunk_matches=2 ingester_requests=1 ingester_chunk_head_bytes=1.9kB ingester_chunk_compressed_bytes=0B ingester_chunk_decompressed_bytes=0B ingester_post_filter_lines=1 congestion_control_latency=0s index_total_chunks=0 index_post_bloom_filter_chunks=0 index_bloom_filter_ratio=0.00 disable_pipeline_wrappers=false
]]></system-out>
  </testcase>
  <testcase name="logEventIsNotEmittedWhenReportLogsDisabled" classname="io.gravitee.reporter.otellogs.integration.OtelLogsReporterIT" time="0.029"/>
  <testcase name="errorStatusProducesSeverityErrorLog" classname="io.gravitee.reporter.otellogs.integration.OtelLogsReporterIT" time="2.015">
    <system-out><![CDATA[13:58:23.887 [docker-java-stream-645753339] INFO  tc.loki - STDERR: level=info ts=2026-05-11T13:58:23.807897602Z caller=roundtrip.go:289 org_id=fake traceID=1388346a6b316a4c msg="executing query" type=range query="{job=\"gravitee/gravitee-otel-logs\"} |= \"users\"" start=2026-05-11T13:56:23.804Z end=2026-05-11T13:58:28.804Z start_delta=2m0.003895274s end_delta=-4.996104646s length=2m5s step=1000 query_hash=2315352552
13:58:23.888 [docker-java-stream-645753339] INFO  tc.loki - STDERR: ts=2026-05-11T13:58:23.809877147Z caller=spanlogger.go:109 user=fake level=info org_id=fake traceID=1388346a6b316a4c caller=metrics.go latency=fast query_type=stats start=2026-05-11T13:55:53Z end=2026-05-11T13:58:28Z start_delta=2m30.809874701s end_delta=-4.190125235s length=2m35s duration=580.678µs status=200 query="{job=\"gravitee/gravitee-otel-logs\"}" query_hash=1284913455 total_entries=1
13:58:23.888 [docker-java-stream-645753339] INFO  tc.loki - STDERR: level=info ts=2026-05-11T13:58:23.810766239Z caller=engine.go:239 component=querier org_id=fake traceID=1388346a6b316a4c msg="executing query" type=range query="{job=\"gravitee/gravitee-otel-logs\"} |= \"users\"" length=2m5s step=1s query_hash=2315352552
13:58:23.888 [docker-java-stream-645753339] INFO  tc.loki - STDERR: level=info ts=2026-05-11T13:58:23.811412579Z caller=metrics.go:216 component=querier org_id=fake traceID=1388346a6b316a4c latency=fast query="{job=\"gravitee/gravitee-otel-logs\"} |= \"users\"" query_hash=2315352552 query_type=filter range_type=range length=2m5s start_delta=2m0.007407134s end_delta=-4.992592796s step=1s duration=605.281µs status=500 limit=50 returned_lines=3 throughput=4.1MB total_bytes=2.5kB total_bytes_structured_metadata=0B lines_per_second=6608 total_lines=4 post_filter_lines=3 total_entries=3 store_chunks_download_time=0s queue_time=234.848µs splits=0 shards=0 query_referenced_structured_metadata=false pipeline_wrapper_filtered_lines=0 chunk_refs_fetch_time=57.578µs cache_chunk_req=0 cache_chunk_hit=0 cache_chunk_bytes_stored=0 cache_chunk_bytes_fetched=0 cache_chunk_download_time=0s cache_index_req=0 cache_index_hit=0 cache_index_download_time=0s cache_stats_results_req=0 cache_stats_results_hit=0 cache_stats_results_download_time=0s cache_volume_results_req=0 cache_volume_results_hit=0 cache_volume_results_download_time=0s cache_result_req=0 cache_result_hit=0 cache_result_download_time=0s cache_result_query_length_served=0s ingester_chunk_refs=0 ingester_chunk_downloaded=0 ingester_chunk_matches=2 ingester_requests=1 ingester_chunk_head_bytes=2.5kB ingester_chunk_compressed_bytes=0B ingester_chunk_decompressed_bytes=0B ingester_post_filter_lines=3 congestion_control_latency=0s index_total_chunks=0 index_post_bloom_filter_chunks=0 index_bloom_filter_ratio=0.00 disable_pipeline_wrappers=false
13:58:23.888 [docker-java-stream-645753339] INFO  tc.loki - STDERR: level=info ts=2026-05-11T13:58:23.811943893Z caller=metrics.go:216 component=frontend org_id=fake traceID=1388346a6b316a4c latency=fast query="{job=\"gravitee/gravitee-otel-logs\"} |= \"users\"" query_hash=2315352552 query_type=filter range_type=range length=2m5s start_delta=2m0.007938652s end_delta=-4.992061262s step=1s duration=3.868845ms status=200 limit=50 returned_lines=0 throughput=646kB total_bytes=2.5kB total_bytes_structured_metadata=0B lines_per_second=1033 total_lines=4 post_filter_lines=3 total_entries=3 store_chunks_download_time=0s queue_time=235µs splits=0 shards=1 query_referenced_structured_metadata=false pipeline_wrapper_filtered_lines=0 chunk_refs_fetch_time=57.578µs cache_chunk_req=0 cache_chunk_hit=0 cache_chunk_bytes_stored=0 cache_chunk_bytes_fetched=0 cache_chunk_download_time=0s cache_index_req=0 cache_index_hit=0 cache_index_download_time=0s cache_stats_results_req=0 cache_stats_results_hit=0 cache_stats_results_download_time=0s cache_volume_results_req=0 cache_volume_results_hit=0 cache_volume_results_download_time=0s cache_result_req=0 cache_result_hit=0 cache_result_download_time=0s cache_result_query_length_served=0s ingester_chunk_refs=0 ingester_chunk_downloaded=0 ingester_chunk_matches=2 ingester_requests=1 ingester_chunk_head_bytes=2.5kB ingester_chunk_compressed_bytes=0B ingester_chunk_decompressed_bytes=0B ingester_post_filter_lines=3 congestion_control_latency=0s index_total_chunks=0 index_post_bloom_filter_chunks=0 index_bloom_filter_ratio=0.00 disable_pipeline_wrappers=false
]]></system-out>
  </testcase>
  <testcase name="sentryTraceAttributeAppearsInLog" classname="io.gravitee.reporter.otellogs.integration.OtelLogsReporterIT" time="2.015">
    <system-out><![CDATA[13:58:25.888 [docker-java-stream-645753339] INFO  tc.loki - STDERR: level=info ts=2026-05-11T13:58:25.852522068Z caller=roundtrip.go:289 org_id=fake traceID=7546389634c69ad7 msg="executing query" type=range query="{job=\"gravitee/gravitee-otel-logs\"} |= \"500\"" start=2026-05-11T13:56:25.85Z end=2026-05-11T13:58:30.85Z start_delta=2m0.002519611s end_delta=-4.997480281s length=2m5s step=1000 query_hash=424637703
13:58:25.889 [docker-java-stream-645753339] INFO  tc.loki - STDERR: ts=2026-05-11T13:58:25.854018933Z caller=spanlogger.go:109 user=fake level=info org_id=fake traceID=7546389634c69ad7 caller=metrics.go latency=fast query_type=stats start=2026-05-11T13:55:55Z end=2026-05-11T13:58:30Z start_delta=2m30.854013505s end_delta=-4.145986323s length=2m35s duration=211.73µs status=200 query="{job=\"gravitee/gravitee-otel-logs\"}" query_hash=1284913455 total_entries=1
13:58:25.889 [docker-java-stream-645753339] INFO  tc.loki - STDERR: level=info ts=2026-05-11T13:58:25.855173807Z caller=engine.go:239 component=querier org_id=fake traceID=7546389634c69ad7 msg="executing query" type=range query="{job=\"gravitee/gravitee-otel-logs\"} |= \"500\"" length=2m5s step=1s query_hash=424637703
13:58:25.889 [docker-java-stream-645753339] INFO  tc.loki - STDERR: level=info ts=2026-05-11T13:58:25.856155336Z caller=metrics.go:216 component=querier org_id=fake traceID=7546389634c69ad7 latency=fast query="{job=\"gravitee/gravitee-otel-logs\"} |= \"500\"" query_hash=424637703 query_type=filter range_type=range length=2m5s start_delta=2m0.006146794s end_delta=-4.993853112s step=1s duration=924.95µs status=500 limit=50 returned_lines=1 throughput=3.4MB total_bytes=3.1kB total_bytes_structured_metadata=0B lines_per_second=5405 total_lines=5 post_filter_lines=1 total_entries=1 store_chunks_download_time=0s queue_time=227.164µs splits=0 shards=0 query_referenced_structured_metadata=false pipeline_wrapper_filtered_lines=0 chunk_refs_fetch_time=56.775µs cache_chunk_req=0 cache_chunk_hit=0 cache_chunk_bytes_stored=0 cache_chunk_bytes_fetched=0 cache_chunk_download_time=0s cache_index_req=0 cache_index_hit=0 cache_index_download_time=0s cache_stats_results_req=0 cache_stats_results_hit=0 cache_stats_results_download_time=0s cache_volume_results_req=0 cache_volume_results_hit=0 cache_volume_results_download_time=0s cache_result_req=0 cache_result_hit=0 cache_result_download_time=0s cache_result_query_length_served=0s ingester_chunk_refs=0 ingester_chunk_downloaded=0 ingester_chunk_matches=2 ingester_requests=1 ingester_chunk_head_bytes=3.1kB ingester_chunk_compressed_bytes=0B ingester_chunk_decompressed_bytes=0B ingester_post_filter_lines=1 congestion_control_latency=0s index_total_chunks=0 index_post_bloom_filter_chunks=0 index_bloom_filter_ratio=0.00 disable_pipeline_wrappers=false
13:58:25.889 [docker-java-stream-645753339] INFO  tc.loki - STDERR: level=info ts=2026-05-11T13:58:25.856539826Z caller=metrics.go:216 component=frontend org_id=fake traceID=7546389634c69ad7 latency=fast query="{job=\"gravitee/gravitee-otel-logs\"} |= \"500\"" query_hash=424637703 query_type=filter range_type=range length=2m5s start_delta=2m0.006534529s end_delta=-4.993465365s step=1s duration=3.893866ms status=200 limit=50 returned_lines=0 throughput=804kB total_bytes=3.1kB total_bytes_structured_metadata=0B lines_per_second=1284 total_lines=5 post_filter_lines=1 total_entries=1 store_chunks_download_time=0s queue_time=227µs splits=0 shards=1 query_referenced_structured_metadata=false pipeline_wrapper_filtered_lines=0 chunk_refs_fetch_time=56.775µs cache_chunk_req=0 cache_chunk_hit=0 cache_chunk_bytes_stored=0 cache_chunk_bytes_fetched=0 cache_chunk_download_time=0s cache_index_req=0 cache_index_hit=0 cache_index_download_time=0s cache_stats_results_req=0 cache_stats_results_hit=0 cache_stats_results_download_time=0s cache_volume_results_req=0 cache_volume_results_hit=0 cache_volume_results_download_time=0s cache_result_req=0 cache_result_hit=0 cache_result_download_time=0s cache_result_query_length_served=0s ingester_chunk_refs=0 ingester_chunk_downloaded=0 ingester_chunk_matches=2 ingester_requests=1 ingester_chunk_head_bytes=3.1kB ingester_chunk_compressed_bytes=0B ingester_chunk_decompressed_bytes=0B ingester_post_filter_lines=1 congestion_control_latency=0s index_total_chunks=0 index_post_bloom_filter_chunks=0 index_bloom_filter_ratio=0.00 disable_pipeline_wrappers=false
]]></system-out>
  </testcase>
</testsuite>